{"/Users/sanchez_j/Code/react-toggle-component/lib/components/toggle.js":{"path":"/Users/sanchez_j/Code/react-toggle-component/lib/components/toggle.js","s":{"1":1,"2":0,"3":1,"4":0,"5":0,"6":0,"7":0,"8":0,"9":1,"10":1,"11":0,"12":0,"13":0,"14":0,"15":0,"16":0,"17":0,"18":0,"19":0,"20":0,"21":0,"22":0,"23":0,"24":0,"25":0,"26":0,"27":0,"28":0,"29":0},"b":{"1":[0,0],"2":[0,0,0],"3":[0,0],"4":[0,0],"5":[0,0],"6":[0,0],"7":[0,0],"8":[0,0],"9":[0,0,0],"10":[0,0],"11":[0,0,0],"12":[0,0],"13":[0,0,0],"14":[0,0]},"f":{"1":0,"2":0,"3":0,"4":0,"5":0,"6":0,"7":0,"8":0},"fnMap":{"1":{"name":"_typeof","line":3,"loc":{"start":{"line":3,"column":0},"end":{"line":3,"column":22}}},"2":{"name":"(anonymous_2)","line":5,"loc":{"start":{"line":5,"column":1},"end":{"line":5,"column":26}}},"3":{"name":"(anonymous_3)","line":14,"loc":{"start":{"line":14,"column":9},"end":{"line":14,"column":106}}},"4":{"name":"init","line":16,"loc":{"start":{"line":16,"column":2},"end":{"line":16,"column":68}}},"5":{"name":"getStyles","line":18,"loc":{"start":{"line":18,"column":4},"end":{"line":18,"column":25}}},"6":{"name":"getInitialState","line":49,"loc":{"start":{"line":49,"column":23},"end":{"line":49,"column":50}}},"7":{"name":"handleClick","line":56,"loc":{"start":{"line":56,"column":19},"end":{"line":56,"column":46}}},"8":{"name":"render","line":67,"loc":{"start":{"line":67,"column":14},"end":{"line":67,"column":32}}}},"statementMap":{"1":{"start":{"line":3,"column":0},"end":{"line":3,"column":124}},"2":{"start":{"line":3,"column":24},"end":{"line":3,"column":122}},"3":{"start":{"line":5,"column":0},"end":{"line":100,"column":3}},"4":{"start":{"line":7,"column":2},"end":{"line":13,"column":3}},"5":{"start":{"line":8,"column":4},"end":{"line":8,"column":130}},"6":{"start":{"line":9,"column":9},"end":{"line":13,"column":3}},"7":{"start":{"line":10,"column":4},"end":{"line":10,"column":200}},"8":{"start":{"line":12,"column":4},"end":{"line":12,"column":175}},"9":{"start":{"line":16,"column":2},"end":{"line":95,"column":3}},"10":{"start":{"line":18,"column":4},"end":{"line":44,"column":5}},"11":{"start":{"line":20,"column":6},"end":{"line":41,"column":8}},"12":{"start":{"line":43,"column":6},"end":{"line":43,"column":20}},"13":{"start":{"line":46,"column":4},"end":{"line":92,"column":7}},"14":{"start":{"line":51,"column":8},"end":{"line":53,"column":10}},"15":{"start":{"line":58,"column":8},"end":{"line":62,"column":9}},"16":{"start":{"line":59,"column":10},"end":{"line":59,"column":91}},"17":{"start":{"line":61,"column":10},"end":{"line":61,"column":93}},"18":{"start":{"line":64,"column":8},"end":{"line":64,"column":58}},"19":{"start":{"line":69,"column":8},"end":{"line":69,"column":33}},"20":{"start":{"line":71,"column":8},"end":{"line":73,"column":9}},"21":{"start":{"line":72,"column":10},"end":{"line":72,"column":86}},"22":{"start":{"line":75,"column":8},"end":{"line":77,"column":9}},"23":{"start":{"line":76,"column":10},"end":{"line":76,"column":88}},"24":{"start":{"line":79,"column":8},"end":{"line":81,"column":9}},"25":{"start":{"line":80,"column":10},"end":{"line":80,"column":90}},"26":{"start":{"line":83,"column":8},"end":{"line":83,"column":122}},"27":{"start":{"line":85,"column":8},"end":{"line":90,"column":10}},"28":{"start":{"line":94,"column":4},"end":{"line":94,"column":92}},"29":{"start":{"line":97,"column":2},"end":{"line":99,"column":4}}},"branchMap":{"1":{"line":3,"type":"cond-expr","locations":[{"start":{"line":3,"column":100},"end":{"line":3,"column":108}},{"start":{"line":3,"column":111},"end":{"line":3,"column":121}}]},"2":{"line":3,"type":"binary-expr","locations":[{"start":{"line":3,"column":31},"end":{"line":3,"column":34}},{"start":{"line":3,"column":38},"end":{"line":3,"column":67}},{"start":{"line":3,"column":71},"end":{"line":3,"column":97}}]},"3":{"line":7,"type":"if","locations":[{"start":{"line":7,"column":2},"end":{"line":7,"column":2}},{"start":{"line":7,"column":2},"end":{"line":7,"column":2}}]},"4":{"line":7,"type":"binary-expr","locations":[{"start":{"line":7,"column":6},"end":{"line":7,"column":34}},{"start":{"line":7,"column":38},"end":{"line":7,"column":48}}]},"5":{"line":9,"type":"if","locations":[{"start":{"line":9,"column":9},"end":{"line":9,"column":9}},{"start":{"line":9,"column":9},"end":{"line":9,"column":9}}]},"6":{"line":9,"type":"cond-expr","locations":[{"start":{"line":9,"column":47},"end":{"line":9,"column":58}},{"start":{"line":9,"column":61},"end":{"line":9,"column":77}}]},"7":{"line":58,"type":"if","locations":[{"start":{"line":58,"column":8},"end":{"line":58,"column":8}},{"start":{"line":58,"column":8},"end":{"line":58,"column":8}}]},"8":{"line":71,"type":"if","locations":[{"start":{"line":71,"column":8},"end":{"line":71,"column":8}},{"start":{"line":71,"column":8},"end":{"line":71,"column":8}}]},"9":{"line":71,"type":"binary-expr","locations":[{"start":{"line":71,"column":12},"end":{"line":71,"column":27}},{"start":{"line":71,"column":31},"end":{"line":71,"column":53}},{"start":{"line":71,"column":57},"end":{"line":71,"column":86}}]},"10":{"line":75,"type":"if","locations":[{"start":{"line":75,"column":8},"end":{"line":75,"column":8}},{"start":{"line":75,"column":8},"end":{"line":75,"column":8}}]},"11":{"line":75,"type":"binary-expr","locations":[{"start":{"line":75,"column":12},"end":{"line":75,"column":27}},{"start":{"line":75,"column":31},"end":{"line":75,"column":54}},{"start":{"line":75,"column":58},"end":{"line":75,"column":88}}]},"12":{"line":79,"type":"if","locations":[{"start":{"line":79,"column":8},"end":{"line":79,"column":8}},{"start":{"line":79,"column":8},"end":{"line":79,"column":8}}]},"13":{"line":79,"type":"binary-expr","locations":[{"start":{"line":79,"column":12},"end":{"line":79,"column":27}},{"start":{"line":79,"column":31},"end":{"line":79,"column":55}},{"start":{"line":79,"column":59},"end":{"line":79,"column":90}}]},"14":{"line":83,"type":"binary-expr","locations":[{"start":{"line":83,"column":68},"end":{"line":83,"column":87}},{"start":{"line":83,"column":91},"end":{"line":83,"column":105}}]}}}}