TN:
SF:/Users/sanchez_j/Code/react-toggle-component/lib/components/toggle.js
FN:3,_typeof
FN:5,(anonymous_2)
FN:14,(anonymous_3)
FN:16,init
FN:18,getStyles
FN:49,getInitialState
FN:56,handleClick
FN:67,render
FNF:8
FNH:0
FNDA:0,_typeof
FNDA:0,(anonymous_2)
FNDA:0,(anonymous_3)
FNDA:0,init
FNDA:0,getStyles
FNDA:0,getInitialState
FNDA:0,handleClick
FNDA:0,render
DA:3,1
DA:5,1
DA:7,0
DA:8,0
DA:9,0
DA:10,0
DA:12,0
DA:16,1
DA:18,1
DA:20,0
DA:43,0
DA:46,0
DA:51,0
DA:58,0
DA:59,0
DA:61,0
DA:64,0
DA:69,0
DA:71,0
DA:72,0
DA:75,0
DA:76,0
DA:79,0
DA:80,0
DA:83,0
DA:85,0
DA:94,0
DA:97,0
LF:28
LH:4
BRDA:3,1,0,0
BRDA:3,1,1,0
BRDA:3,2,0,0
BRDA:3,2,1,0
BRDA:3,2,2,0
BRDA:7,3,0,0
BRDA:7,3,1,0
BRDA:7,4,0,0
BRDA:7,4,1,0
BRDA:9,5,0,0
BRDA:9,5,1,0
BRDA:9,6,0,0
BRDA:9,6,1,0
BRDA:58,7,0,0
BRDA:58,7,1,0
BRDA:71,8,0,0
BRDA:71,8,1,0
BRDA:71,9,0,0
BRDA:71,9,1,0
BRDA:71,9,2,0
BRDA:75,10,0,0
BRDA:75,10,1,0
BRDA:75,11,0,0
BRDA:75,11,1,0
BRDA:75,11,2,0
BRDA:79,12,0,0
BRDA:79,12,1,0
BRDA:79,13,0,0
BRDA:79,13,1,0
BRDA:79,13,2,0
BRDA:83,14,0,0
BRDA:83,14,1,0
BRF:32
BRH:0
end_of_record
